<?xml version="1.0" encoding="UTF-8"?>
<!-- Generated by org.testng.reporters.JUnitXMLReporter -->
<testsuite ignored="0" hostname="admin-PC" failures="0" tests="3" name="Default test" time="0.047" errors="0" timestamp="25 Feb 2021 17:58:40 GMT">
  <testcase classname="com.qa.testng.DemoTestngAnnotationsclass" name="homepage" time="0.006"/>
  <testcase classname="com.qa.testng.DemoTestngAnnotationsclass" name="login" time="0.002"/>
  <testcase classname="com.qa.testng.DemoTestngAnnotationsclass" name="registration" time="0.002"/>
</testsuite> <!-- Default test -->
