<?xml version="1.0" encoding="UTF-8"?>
<!-- Generated by org.testng.reporters.JUnitXMLReporter -->
<testsuite ignored="0" hostname="admin-PC" failures="0" tests="6" name="Test" time="0.066" errors="0" timestamp="25 Feb 2021 18:17:24 GMT">
  <testcase classname="com.qa.testng.DemoTestngAnnotations" name="homepage" time="0.006"/>
  <testcase classname="com.qa.testng.DemoTestngAnnotations" name="login" time="0.002"/>
  <testcase classname="com.qa.testng.DemoTestngAnnotations" name="registration" time="0.002"/>
  <testcase classname="com.qa.testng.DemoTestngAnnotationsclass" name="homepage" time="0.002"/>
  <testcase classname="com.qa.testng.DemoTestngAnnotationsclass" name="login" time="0.002"/>
  <testcase classname="com.qa.testng.DemoTestngAnnotationsclass" name="registration" time="0.002"/>
</testsuite> <!-- Test -->
