<?xml version="1.0" encoding="UTF-8"?>
<testng-results ignored="0" total="6" passed="6" failed="0" skipped="0">
  <reporter-output>
  </reporter-output>
  <suite started-at="2021-02-25T18:17:23Z" name="Suite" finished-at="2021-02-25T18:17:23Z" duration-ms="66">
    <groups>
    </groups>
    <test started-at="2021-02-25T18:17:23Z" name="Test" finished-at="2021-02-25T18:17:23Z" duration-ms="66">
      <class name="com.qa.testng.DemoTestngAnnotationsclass">
        <test-method is-config="true" signature="demoBeforeTest()[pri:0, instance:com.qa.testng.DemoTestngAnnotationsclass@2cd76f31]" started-at="2021-02-25T18:17:23Z" name="demoBeforeTest" finished-at="2021-02-25T18:17:23Z" duration-ms="9" status="PASS">
          <reporter-output>
          </reporter-output>
        </test-method> <!-- demoBeforeTest -->
        <test-method is-config="true" signature="setUp()[pri:0, instance:com.qa.testng.DemoTestngAnnotationsclass@2cd76f31]" started-at="2021-02-25T18:17:23Z" name="setUp" finished-at="2021-02-25T18:17:23Z" duration-ms="0" status="PASS">
          <reporter-output>
          </reporter-output>
        </test-method> <!-- setUp -->
        <test-method signature="homepage()[pri:0, instance:com.qa.testng.DemoTestngAnnotationsclass@2cd76f31]" started-at="2021-02-25T18:17:23Z" name="homepage" finished-at="2021-02-25T18:17:23Z" duration-ms="2" status="PASS">
          <reporter-output>
          </reporter-output>
        </test-method> <!-- homepage -->
        <test-method signature="login()[pri:0, instance:com.qa.testng.DemoTestngAnnotationsclass@2cd76f31]" started-at="2021-02-25T18:17:23Z" name="login" finished-at="2021-02-25T18:17:23Z" duration-ms="2" status="PASS">
          <reporter-output>
          </reporter-output>
        </test-method> <!-- login -->
        <test-method signature="registration()[pri:0, instance:com.qa.testng.DemoTestngAnnotationsclass@2cd76f31]" started-at="2021-02-25T18:17:23Z" name="registration" finished-at="2021-02-25T18:17:23Z" duration-ms="2" status="PASS">
          <reporter-output>
          </reporter-output>
        </test-method> <!-- registration -->
        <test-method is-config="true" signature="closure()[pri:0, instance:com.qa.testng.DemoTestngAnnotationsclass@2cd76f31]" started-at="2021-02-25T18:17:23Z" name="closure" finished-at="2021-02-25T18:17:23Z" duration-ms="0" status="PASS">
          <reporter-output>
          </reporter-output>
        </test-method> <!-- closure -->
        <test-method is-config="true" signature="demoAfterTest()[pri:0, instance:com.qa.testng.DemoTestngAnnotationsclass@2cd76f31]" started-at="2021-02-25T18:17:23Z" name="demoAfterTest" finished-at="2021-02-25T18:17:23Z" duration-ms="0" status="PASS">
          <reporter-output>
          </reporter-output>
        </test-method> <!-- demoAfterTest -->
      </class> <!-- com.qa.testng.DemoTestngAnnotationsclass -->
      <class name="com.qa.testng.DemoTestngAnnotations">
        <test-method is-config="true" signature="setUp()[pri:0, instance:com.qa.testng.DemoTestngAnnotations@367ffa75]" started-at="2021-02-25T18:17:23Z" name="setUp" finished-at="2021-02-25T18:17:23Z" duration-ms="0" status="PASS">
          <reporter-output>
          </reporter-output>
        </test-method> <!-- setUp -->
        <test-method signature="homepage()[pri:0, instance:com.qa.testng.DemoTestngAnnotations@367ffa75]" started-at="2021-02-25T18:17:23Z" name="homepage" finished-at="2021-02-25T18:17:23Z" duration-ms="6" status="PASS">
          <reporter-output>
          </reporter-output>
        </test-method> <!-- homepage -->
        <test-method is-config="true" signature="closure()[pri:0, instance:com.qa.testng.DemoTestngAnnotations@367ffa75]" started-at="2021-02-25T18:17:23Z" name="closure" finished-at="2021-02-25T18:17:23Z" duration-ms="1" status="PASS">
          <reporter-output>
          </reporter-output>
        </test-method> <!-- closure -->
        <test-method is-config="true" signature="setUp()[pri:0, instance:com.qa.testng.DemoTestngAnnotations@367ffa75]" started-at="2021-02-25T18:17:23Z" name="setUp" finished-at="2021-02-25T18:17:23Z" duration-ms="0" status="PASS">
          <reporter-output>
          </reporter-output>
        </test-method> <!-- setUp -->
        <test-method signature="login()[pri:0, instance:com.qa.testng.DemoTestngAnnotations@367ffa75]" started-at="2021-02-25T18:17:23Z" name="login" finished-at="2021-02-25T18:17:23Z" duration-ms="2" status="PASS">
          <reporter-output>
          </reporter-output>
        </test-method> <!-- login -->
        <test-method is-config="true" signature="closure()[pri:0, instance:com.qa.testng.DemoTestngAnnotations@367ffa75]" started-at="2021-02-25T18:17:23Z" name="closure" finished-at="2021-02-25T18:17:23Z" duration-ms="0" status="PASS">
          <reporter-output>
          </reporter-output>
        </test-method> <!-- closure -->
        <test-method signature="registration()[pri:0, instance:com.qa.testng.DemoTestngAnnotations@367ffa75]" started-at="2021-02-25T18:17:23Z" name="registration" finished-at="2021-02-25T18:17:23Z" duration-ms="2" status="PASS">
          <reporter-output>
          </reporter-output>
        </test-method> <!-- registration -->
        <test-method is-config="true" signature="setUp()[pri:0, instance:com.qa.testng.DemoTestngAnnotations@367ffa75]" started-at="2021-02-25T18:17:23Z" name="setUp" finished-at="2021-02-25T18:17:23Z" duration-ms="0" status="PASS">
          <reporter-output>
          </reporter-output>
        </test-method> <!-- setUp -->
        <test-method is-config="true" signature="closure()[pri:0, instance:com.qa.testng.DemoTestngAnnotations@367ffa75]" started-at="2021-02-25T18:17:23Z" name="closure" finished-at="2021-02-25T18:17:23Z" duration-ms="1" status="PASS">
          <reporter-output>
          </reporter-output>
        </test-method> <!-- closure -->
      </class> <!-- com.qa.testng.DemoTestngAnnotations -->
    </test> <!-- Test -->
  </suite> <!-- Suite -->
</testng-results>
